  BlobbyBouncer.cpp
  Game.cpp
luna.lib(Context.cpp.obj) : error LNK2001: unresolved external symbol gladLoadGLLoader
luna.lib(Context.cpp.obj) : error LNK2001: unresolved external symbol glfwInit
luna.lib(Context.cpp.obj) : error LNK2001: unresolved external symbol glfwTerminate
luna.lib(Context.cpp.obj) : error LNK2001: unresolved external symbol glfwWindowHint
luna.lib(Context.cpp.obj) : error LNK2001: unresolved external symbol glfwCreateWindow
luna.lib(Window.cpp.obj) : error LNK2001: unresolved external symbol glfwCreateWindow
luna.lib(Context.cpp.obj) : error LNK2001: unresolved external symbol glfwWindowShouldClose
luna.lib(Window.cpp.obj) : error LNK2001: unresolved external symbol glfwWindowShouldClose
luna.lib(Context.cpp.obj) : error LNK2001: unresolved external symbol glfwPollEvents
luna.lib(Context.cpp.obj) : error LNK2001: unresolved external symbol glfwGetTime
luna.lib(Context.cpp.obj) : error LNK2001: unresolved external symbol glfwMakeContextCurrent
luna.lib(Window.cpp.obj) : error LNK2001: unresolved external symbol glfwMakeContextCurrent
luna.lib(Context.cpp.obj) : error LNK2001: unresolved external symbol glfwGetProcAddress
luna.lib(Context.cpp.obj) : error LNK2001: unresolved external symbol glad_glEnable
luna.lib(Context.cpp.obj) : error LNK2001: unresolved external symbol glad_glDrawElements
luna.lib(Renderer.cpp.obj) : error LNK2001: unresolved external symbol glad_glDrawElements
luna.lib(Window.cpp.obj) : error LNK2001: unresolved external symbol glad_glDrawElements
luna.lib(Window.cpp.obj) : error LNK2001: unresolved external symbol glfwDestroyWindow
luna.lib(Window.cpp.obj) : error LNK2001: unresolved external symbol glfwSetWindowUserPointer
luna.lib(Window.cpp.obj) : error LNK2001: unresolved external symbol glfwGetWindowUserPointer
luna.lib(Window.cpp.obj) : error LNK2001: unresolved external symbol glfwSetWindowSizeCallback
luna.lib(Window.cpp.obj) : error LNK2001: unresolved external symbol glfwSwapBuffers
luna.lib(Window.cpp.obj) : error LNK2001: unresolved external symbol glad_glViewport
luna.lib(RenderTexture.cpp.obj) : error LNK2001: unresolved external symbol glad_glViewport
luna.lib(Mesh.cpp.obj) : error LNK2001: unresolved external symbol glad_glBindBuffer
luna.lib(Mesh.cpp.obj) : error LNK2001: unresolved external symbol glad_glDeleteBuffers
luna.lib(Mesh.cpp.obj) : error LNK2001: unresolved external symbol glad_glGenBuffers
luna.lib(Mesh.cpp.obj) : error LNK2001: unresolved external symbol glad_glBufferData
luna.lib(Mesh.cpp.obj) : error LNK2001: unresolved external symbol glad_glEnableVertexAttribArray
luna.lib(Mesh.cpp.obj) : error LNK2001: unresolved external symbol glad_glVertexAttribPointer
luna.lib(Mesh.cpp.obj) : error LNK2001: unresolved external symbol glad_glBindVertexArray
luna.lib(Mesh.cpp.obj) : error LNK2001: unresolved external symbol glad_glDeleteVertexArrays
luna.lib(Mesh.cpp.obj) : error LNK2001: unresolved external symbol glad_glGenVertexArrays
luna.lib(ShaderProgram.cpp.obj) : error LNK2001: unresolved external symbol glad_glAttachShader
luna.lib(ShaderProgram.cpp.obj) : error LNK2001: unresolved external symbol glad_glCompileShader
luna.lib(ShaderProgram.cpp.obj) : error LNK2001: unresolved external symbol glad_glCreateProgram
luna.lib(ShaderProgram.cpp.obj) : error LNK2001: unresolved external symbol glad_glCreateShader
luna.lib(ShaderProgram.cpp.obj) : error LNK2001: unresolved external symbol glad_glDeleteProgram
luna.lib(ShaderProgram.cpp.obj) : error LNK2001: unresolved external symbol glad_glDeleteShader
luna.lib(ShaderProgram.cpp.obj) : error LNK2001: unresolved external symbol glad_glGetProgramiv
luna.lib(ShaderProgram.cpp.obj) : error LNK2001: unresolved external symbol glad_glGetProgramInfoLog
luna.lib(ShaderProgram.cpp.obj) : error LNK2001: unresolved external symbol glad_glGetShaderiv
luna.lib(ShaderProgram.cpp.obj) : error LNK2001: unresolved external symbol glad_glGetShaderInfoLog
luna.lib(ShaderProgram.cpp.obj) : error LNK2001: unresolved external symbol glad_glGetUniformLocation
luna.lib(ShaderProgram.cpp.obj) : error LNK2001: unresolved external symbol glad_glLinkProgram
luna.lib(ShaderProgram.cpp.obj) : error LNK2001: unresolved external symbol glad_glShaderSource
luna.lib(ShaderProgram.cpp.obj) : error LNK2001: unresolved external symbol glad_glUseProgram
luna.lib(ShaderProgram.cpp.obj) : error LNK2001: unresolved external symbol glad_glUniform1f
luna.lib(ShaderProgram.cpp.obj) : error LNK2001: unresolved external symbol glad_glUniform1i
luna.lib(ShaderProgram.cpp.obj) : error LNK2001: unresolved external symbol glad_glUniform2fv
luna.lib(ShaderProgram.cpp.obj) : error LNK2001: unresolved external symbol glad_glUniform3fv
luna.lib(ShaderProgram.cpp.obj) : error LNK2001: unresolved external symbol glad_glUniform4fv
luna.lib(ShaderProgram.cpp.obj) : error LNK2001: unresolved external symbol glad_glUniformMatrix3fv
luna.lib(ShaderProgram.cpp.obj) : error LNK2001: unresolved external symbol glad_glUniformMatrix4fv
luna.lib(ShaderProgram.cpp.obj) : error LNK2001: unresolved external symbol glad_glValidateProgram
luna.lib(Texture.cpp.obj) : error LNK2001: unresolved external symbol glad_glTexParameteri
luna.lib(Texture.cpp.obj) : error LNK2001: unresolved external symbol glad_glTexImage2D
luna.lib(Texture.cpp.obj) : error LNK2001: unresolved external symbol glad_glTexSubImage2D
luna.lib(Texture.cpp.obj) : error LNK2001: unresolved external symbol glad_glBindTexture
luna.lib(Texture.cpp.obj) : error LNK2001: unresolved external symbol glad_glDeleteTextures
luna.lib(Texture.cpp.obj) : error LNK2001: unresolved external symbol glad_glGenTextures
luna.lib(Texture.cpp.obj) : error LNK2001: unresolved external symbol glad_glActiveTexture
luna.lib(Input.cpp.obj) : error LNK2001: unresolved external symbol glfwGetWindowPos
luna.lib(Input.cpp.obj) : error LNK2001: unresolved external symbol glfwSetInputMode
luna.lib(Input.cpp.obj) : error LNK2001: unresolved external symbol glfwRawMouseMotionSupported
luna.lib(Input.cpp.obj) : error LNK2001: unresolved external symbol glfwGetCursorPos
luna.lib(Input.cpp.obj) : error LNK2001: unresolved external symbol glfwSetKeyCallback
luna.lib(Input.cpp.obj) : error LNK2001: unresolved external symbol glfwSetCharCallback
luna.lib(Input.cpp.obj) : error LNK2001: unresolved external symbol glfwSetMouseButtonCallback
luna.lib(Input.cpp.obj) : error LNK2001: unresolved external symbol glfwSetCursorPosCallback
luna.lib(RenderTarget.cpp.obj) : error LNK2001: unresolved external symbol glad_glClear
luna.lib(RenderTarget.cpp.obj) : error LNK2001: unresolved external symbol glad_glClearColor
luna.lib(RenderTexture.cpp.obj) : error LNK2001: unresolved external symbol glad_glBindRenderbuffer
luna.lib(RenderTexture.cpp.obj) : error LNK2001: unresolved external symbol glad_glDeleteRenderbuffers
luna.lib(RenderTexture.cpp.obj) : error LNK2001: unresolved external symbol glad_glGenRenderbuffers
luna.lib(RenderTexture.cpp.obj) : error LNK2001: unresolved external symbol glad_glRenderbufferStorage
luna.lib(RenderTexture.cpp.obj) : error LNK2001: unresolved external symbol glad_glBindFramebuffer
luna.lib(RenderTexture.cpp.obj) : error LNK2001: unresolved external symbol glad_glDeleteFramebuffers
luna.lib(RenderTexture.cpp.obj) : error LNK2001: unresolved external symbol glad_glGenFramebuffers
luna.lib(RenderTexture.cpp.obj) : error LNK2001: unresolved external symbol glad_glFramebufferTexture2D
luna.lib(RenderTexture.cpp.obj) : error LNK2001: unresolved external symbol glad_glFramebufferRenderbuffer
C:\Users\damie\Documents\BUas\Perforce\Damy232622_ws\Year1\selfstudy\BlobbyBouncer\x64\Release\BlobbyBouncer.exe : fatal error LNK1120: 75 unresolved externals
